Copyright 1986-2019 Xilinx, Inc. All Rights Reserved.
-----------------------------------------------------------------------------------------------------
| Tool Version : Vivado v.2019.2 (lin64) Build 2708876 Wed Nov  6 21:39:14 MST 2019
| Date         : Fri Feb 11 15:33:29 2022
| Host         : gmojicar-Lenovo-YOGA-520-14IKB running 64-bit Ubuntu 18.04.6 LTS
| Command      : report_utilization -hierarchical -file nexys4ddr_utilization_hierarchical_synth.rpt
| Design       : nexys4ddr
| Device       : 7a100tcsg324-1
| Design State : Synthesized
-----------------------------------------------------------------------------------------------------

Utilization Design Information

Table of Contents
-----------------
1. Utilization by Hierarchy

1. Utilization by Hierarchy
---------------------------

+-----------------------+-------------------+------------+------------+---------+------+------+--------+--------+--------------+
|        Instance       |       Module      | Total LUTs | Logic LUTs | LUTRAMs | SRLs |  FFs | RAMB36 | RAMB18 | DSP48 Blocks |
+-----------------------+-------------------+------------+------------+---------+------+------+--------+--------+--------------+
| nexys4ddr             |             (top) |       3154 |       3042 |     112 |    0 | 1954 |     26 |      0 |            2 |
|   (nexys4ddr)         |             (top) |        421 |        405 |      16 |    0 |  530 |     14 |      0 |            0 |
|   CamaraVGADriver     |   CamaraVGADriver |        471 |        463 |       8 |    0 |  196 |     12 |      0 |            2 |
|     (CamaraVGADriver) |   CamaraVGADriver |          0 |          0 |       0 |    0 |    6 |      0 |      0 |            2 |
|     Cam               |            OV7670 |        325 |        325 |       0 |    0 |  167 |      0 |      0 |            0 |
|     Camara            |          ImBuffer |          1 |          1 |       0 |    0 |    0 |     12 |      0 |            0 |
|     Mapa              |        ImBufferv2 |         16 |          8 |       8 |    0 |    4 |      0 |      0 |            0 |
|     VGA               | VGA_Driver640x480 |        129 |        129 |       0 |    0 |   19 |      0 |      0 |            0 |
|     clk25_24          |   clk24_25_nexys4 |          0 |          0 |       0 |    0 |    0 |      0 |      0 |            0 |
|   picorv32            |          picorv32 |       2126 |       2038 |      88 |    0 | 1129 |      0 |      0 |            0 |
|     (picorv32)        |          picorv32 |       1407 |       1319 |      88 |    0 |  674 |      0 |      0 |            0 |
|     pcpi_div          | picorv32_pcpi_div |        388 |        388 |       0 |    0 |  200 |      0 |      0 |            0 |
|     pcpi_mul          | picorv32_pcpi_mul |        331 |        331 |       0 |    0 |  255 |      0 |      0 |            0 |
|   ruedas              |            ruedas |          2 |          2 |       0 |    0 |    4 |      0 |      0 |            0 |
|   servo_radar         |       servo_radar |         34 |         34 |       0 |    0 |   22 |      0 |      0 |            0 |
|   ultrasonido         |       ultrasonido |        100 |        100 |       0 |    0 |   73 |      0 |      0 |            0 |
+-----------------------+-------------------+------------+------------+---------+------+------+--------+--------+--------------+


